{
  "name": "우진",
  "gender": "M",
  "birth_date": "2025-07-19",
  "TEST10": {
    "Temp": {
      "Min": -2.7,
      "Max": 2.7
    },
    "Breath": {
      "Min": 8,
      "Max": 25
    },
    "dB": {
      "Max": 64
    },
    "IndoorTemp": {
      "Min": 12.8,
      "Max": 20.6
    },
    "Humidity": {
      "Min": 32,
      "Max": 59
    },
    "Bright": {
      "Min": 7,
      "Max": 58
    },
    "SleepData": {
      "sessions": [
        {
          "start": "01:31",
          "end": "09:16",
          "duration_min": 465,
          "wake_up": 4
        },
        {
          "start": "13:26",
          "end": "14:04",
          "duration_min": 38,
          "wake_up": 5
        },
        {
          "start": "15:49",
          "end": "16:57",
          "duration_min": 68,
          "wake_up": 2
        },
        {
          "start": "14:22",
          "end": "15:12",
          "duration_min": 50,
          "wake_up": 5
        },
        {
          "start": "15:20",
          "end": "16:17",
          "duration_min": 57,
          "wake_up": 0
        },
        {
          "start": "16:22",
          "end": "17:40",
          "duration_min": 78,
          "wake_up": 0
        }
      ],
      "day_wakeup": "16 times",
      "day_gs": "12h36m",
      "day_pr": "1h46m",
      "week_gs": "8h50m",
      "week_pr": "1h26m",
      "month_gs": "9h7m",
      "month_pr": "1h32m",
      "status": "NORMAL"
    },
    "last_update_at": "2026-06-12 00:15:52"
  },
  "TEST32": {
    "Temp": {
      "Min": -1.6,
      "Max": 1.2
    },
    "Breath": {
      "Min": 7,
      "Max": 22
    },
    "dB": {
      "Max": 83
    },
    "IndoorTemp": {
      "Min": 19.4,
      "Max": 26.4
    },
    "Humidity": {
      "Min": 30,
      "Max": 61
    },
    "Bright": {
      "Min": 25,
      "Max": 98
    },
    "SleepData": {
      "sessions": [
        {
          "start": "01:27",
          "end": "08:29",
          "duration_min": 422,
          "wake_up": 0
        },
        {
          "start": "14:54",
          "end": "15:33",
          "duration_min": 39,
          "wake_up": 5
        }
      ],
      "day_wakeup": "5 times",
      "day_gs": "7h41m",
      "day_pr": "1h12m",
      "week_gs": "7h26m",
      "week_pr": "1h24m",
      "month_gs": "7h26m",
      "month_pr": "1h24m",
      "status": "NORMAL"
    },
    "last_update_at": "2026-06-12 00:59:11"
  },
  "TEST33": {
    "Temp": {
      "Min": 0,
      "Max": 0
    },
    "Breath": {
      "Min": 0,
      "Max": 0
    },
    "dB": {
      "Max": 0
    },
    "IndoorTemp": {
      "Min": 0,
      "Max": 0
    },
    "Humidity": {
      "Min": 0,
      "Max": 0
    },
    "Bright": {
      "Min": 0,
      "Max": 0
    },
    "SleepData": {
      "day_gs": "0h0m",
      "week_gs": "0h0m",
      "month_gs": "0h0m",
      "day_pr": "0h0m",
      "week_pr": "0h0m",
      "month_pr": "0h0m",
      "day_wakeup": "0 times",
      "status": "MISSING_DATA"
    },
    "last_update_at": "2026-06-12 00:59:11"
  },
  "TEST34": {
    "Temp": {
      "Min": -1.5,
      "Max": 1.8
    },
    "Breath": {
      "Min": 10,
      "Max": 18
    },
    "dB": {
      "Max": 48
    },
    "IndoorTemp": {
      "Min": 15.1,
      "Max": 20.4
    },
    "Humidity": {
      "Min": 37,
      "Max": 61
    },
    "Bright": {
      "Min": 13,
      "Max": 90
    },
    "SleepData": {
      "sessions": [
        {
          "start": "23:18",
          "end": "06:47",
          "duration_min": 449,
          "wake_up": 5
        },
        {
          "start": "13:31",
          "end": "14:51",
          "duration_min": 80,
          "wake_up": 5
        },
        {
          "start": "16:17",
          "end": "16:49",
          "duration_min": 32,
          "wake_up": 1
        },
        {
          "start": "15:52",
          "end": "16:22",
          "duration_min": 30,
          "wake_up": 3
        }
      ],
      "day_wakeup": "14 times",
      "day_gs": "9h51m",
      "day_pr": "2h2m",
      "week_gs": "9h46m",
      "week_pr": "1h50m",
      "month_gs": "9h46m",
      "month_pr": "1h50m",
      "status": "NORMAL"
    },
    "last_update_at": "2026-06-12 00:59:12"
  }
}

